app/build/outputs/logs/manifest-merger-debug-report.txt
-- Merging decision tree log ---
manifest
ADDED from src\main\AndroidManifest.xml:2:1-78:12
	package
		ADDED from src\main\AndroidManifest.xml:3:5-33
		INJECTED from src\main\AndroidManifest.xml
		INJECTED from src\main\AndroidManifest.xml
	android:versionName
		ADDED from src\main\AndroidManifest.xml:5:5-30
		INJECTED from src\main\AndroidManifest.xml
		INJECTED from src\main\AndroidManifest.xml
	android:versionCode
		ADDED from src\main\AndroidManifest.xml:4:5-28
		INJECTED from src\main\AndroidManifest.xml
		INJECTED from src\main\AndroidManifest.xml
	xmlns:android
		ADDED from src\main\AndroidManifest.xml:2:11-69
uses-sdk
ADDED from src\main\AndroidManifest.xml:7:5-9:40
MERGED from [com.android.support:appcompat-v7:18.0.0] AndroidManifest.xml:18:5-42
	android:targetSdkVersion
		ADDED from src\main\AndroidManifest.xml:9:9-37
		INJECTED from src\main\AndroidManifest.xml
		INJECTED from src\main\AndroidManifest.xml
	android:minSdkVersion
		ADDED from src\main\AndroidManifest.xml:8:9-34
		INJECTED from src\main\AndroidManifest.xml
		INJECTED from src\main\AndroidManifest.xml
application
ADDED from src\main\AndroidManifest.xml:11:5-63:19
MERGED from [com.android.support:appcompat-v7:18.0.0] AndroidManifest.xml:19:5-20
	android:label
		ADDED from src\main\AndroidManifest.xml:14:9-41
	android:allowBackup
		ADDED from src\main\AndroidManifest.xml:12:9-35
	android:icon
		ADDED from src\main\AndroidManifest.xml:13:9-45
	android:theme
		ADDED from src\main\AndroidManifest.xml:15:9-44
activity#com.example.iftqos.MainActivity
ADDED from src\main\AndroidManifest.xml:16:9-20:20
	android:screenOrientation
		ADDED from src\main\AndroidManifest.xml:19:13-49
	android:label
		ADDED from src\main\AndroidManifest.xml:18:13-45
	android:name
		ADDED from src\main\AndroidManifest.xml:17:13-41
activity#com.example.iftqos.AcercaIFT
ADDED from src\main\AndroidManifest.xml:21:9-25:20
	android:screenOrientation
		ADDED from src\main\AndroidManifest.xml:24:13-49
	android:label
		ADDED from src\main\AndroidManifest.xml:23:13-62
	android:name
		ADDED from src\main\AndroidManifest.xml:22:13-38
activity#com.example.iftqos.HistoricoIFT
ADDED from src\main\AndroidManifest.xml:26:9-30:20
	android:screenOrientation
		ADDED from src\main\AndroidManifest.xml:29:13-49
	android:label
		ADDED from src\main\AndroidManifest.xml:28:13-65
	android:name
		ADDED from src\main\AndroidManifest.xml:27:13-41
activity#com.example.iftqos.TestQoS
ADDED from src\main\AndroidManifest.xml:31:9-35:20
	android:screenOrientation
		ADDED from src\main\AndroidManifest.xml:34:13-49
	android:label
		ADDED from src\main\AndroidManifest.xml:33:13-61
	android:name
		ADDED from src\main\AndroidManifest.xml:32:13-36
activity#com.example.iftqos.Inicio
ADDED from src\main\AndroidManifest.xml:36:9-45:20
	android:screenOrientation
		ADDED from src\main\AndroidManifest.xml:39:13-49
	android:label
		ADDED from src\main\AndroidManifest.xml:38:13-43
	android:name
		ADDED from src\main\AndroidManifest.xml:37:13-35
intent-filter#android.intent.action.MAIN+android.intent.category.LAUNCHER
ADDED from src\main\AndroidManifest.xml:40:13-44:29
action#android.intent.action.MAIN
ADDED from src\main\AndroidManifest.xml:41:17-69
	android:name
		ADDED from src\main\AndroidManifest.xml:41:25-66
category#android.intent.category.LAUNCHER
ADDED from src\main\AndroidManifest.xml:43:17-77
	android:name
		ADDED from src\main\AndroidManifest.xml:43:27-74
activity#com.example.iftqos.Configuracion
ADDED from src\main\AndroidManifest.xml:46:9-50:20
	android:screenOrientation
		ADDED from src\main\AndroidManifest.xml:49:13-49
	android:label
		ADDED from src\main\AndroidManifest.xml:48:13-65
	android:name
		ADDED from src\main\AndroidManifest.xml:47:13-42
service#com.example.iftqos.TestService
ADDED from src\main\AndroidManifest.xml:52:9-56:19
	android:enabled
		ADDED from src\main\AndroidManifest.xml:54:13-35
	android:exported
		ADDED from src\main\AndroidManifest.xml:55:13-36
	android:name
		ADDED from src\main\AndroidManifest.xml:53:13-58
activity#com.example.iftqos.Config2
ADDED from src\main\AndroidManifest.xml:58:9-62:20
	android:screenOrientation
		ADDED from src\main\AndroidManifest.xml:61:13-49
	android:label
		ADDED from src\main\AndroidManifest.xml:60:13-65
	android:name
		ADDED from src\main\AndroidManifest.xml:59:13-36
uses-permission#android.permission.ACCESS_COARSE_LOCATION
ADDED from src\main\AndroidManifest.xml:65:5-81
	android:name
		ADDED from src\main\AndroidManifest.xml:65:22-78
uses-permission#android.permission.ACCESS_COARSE_UPDATES
ADDED from src\main\AndroidManifest.xml:66:5-80
	android:name
		ADDED from src\main\AndroidManifest.xml:66:22-77
uses-permission#android.permission.ACCESS_FINE_LOCATION
ADDED from src\main\AndroidManifest.xml:67:5-79
	android:name
		ADDED from src\main\AndroidManifest.xml:67:22-76
uses-permission#android.permission.ACCESS_LOCATION_EXTRA_COMMANDS
ADDED from src\main\AndroidManifest.xml:68:5-89
	android:name
		ADDED from src\main\AndroidManifest.xml:68:22-86
uses-permission#android.permission.ACCESS_NETWORK_STATE
ADDED from src\main\AndroidManifest.xml:69:5-79
	android:name
		ADDED from src\main\AndroidManifest.xml:69:22-76
uses-permission#android.permission.ACCESS_WIFI_STATE
ADDED from src\main\AndroidManifest.xml:70:5-76
	android:name
		ADDED from src\main\AndroidManifest.xml:70:22-73
uses-permission#android.permission.GET_TASKS
ADDED from src\main\AndroidManifest.xml:71:5-68
	android:name
		ADDED from src\main\AndroidManifest.xml:71:22-65
uses-permission#android.permission.INTERNET
ADDED from src\main\AndroidManifest.xml:72:5-67
	android:name
		ADDED from src\main\AndroidManifest.xml:72:22-64
uses-permission#android.permission.READ_PHONE_STATE
ADDED from src\main\AndroidManifest.xml:73:5-75
	android:name
		ADDED from src\main\AndroidManifest.xml:73:22-72
uses-permission#android.permission.RECEIVE_BOOT_COMPLETED
ADDED from src\main\AndroidManifest.xml:74:5-81
	android:name
		ADDED from src\main\AndroidManifest.xml:74:22-78
uses-permission#android.permission.WAKE_LOCK
ADDED from src\main\AndroidManifest.xml:75:5-68
	android:name
		ADDED from src\main\AndroidManifest.xml:75:22-65
uses-permission#android.permission.WRITE_EXTERNAL_STORAGE
ADDED from src\main\AndroidManifest.xml:76:5-81
	android:name
		ADDED from src\main\AndroidManifest.xml:76:22-78